{"C:\\Entwicklung\\neuer-git-ordner\\testing-workshop\\src\\validateScore.js": {"path":"C:\\Entwicklung\\neuer-git-ordner\\testing-workshop\\src\\validateScore.js","all":false,"statementMap":{"0":{"start":{"line":1,"column":0},"end":{"line":1,"column":3}},"1":{"start":{"line":2,"column":0},"end":{"line":2,"column":67}},"2":{"start":{"line":3,"column":0},"end":{"line":3,"column":10}},"3":{"start":{"line":4,"column":0},"end":{"line":4,"column":1}},"4":{"start":{"line":5,"column":0},"end":{"line":5,"column":63}},"5":{"start":{"line":6,"column":0},"end":{"line":6,"column":51}},"6":{"start":{"line":7,"column":0},"end":{"line":7,"column":61}},"7":{"start":{"line":8,"column":0},"end":{"line":8,"column":23}},"8":{"start":{"line":9,"column":0},"end":{"line":9,"column":62}},"9":{"start":{"line":10,"column":0},"end":{"line":10,"column":40}},"10":{"start":{"line":11,"column":0},"end":{"line":11,"column":61}},"11":{"start":{"line":12,"column":0},"end":{"line":12,"column":28}},"12":{"start":{"line":13,"column":0},"end":{"line":13,"column":44}},"13":{"start":{"line":14,"column":0},"end":{"line":14,"column":2}},"14":{"start":{"line":15,"column":0},"end":{"line":15,"column":45}},"15":{"start":{"line":16,"column":0},"end":{"line":16,"column":30}},"16":{"start":{"line":17,"column":0},"end":{"line":17,"column":52}},"17":{"start":{"line":18,"column":0},"end":{"line":18,"column":51}},"18":{"start":{"line":19,"column":0},"end":{"line":19,"column":58}},"19":{"start":{"line":20,"column":0},"end":{"line":20,"column":4}},"20":{"start":{"line":21,"column":0},"end":{"line":21,"column":21}},"21":{"start":{"line":22,"column":0},"end":{"line":22,"column":20}},"22":{"start":{"line":23,"column":0},"end":{"line":23,"column":16}},"23":{"start":{"line":24,"column":0},"end":{"line":24,"column":17}},"24":{"start":{"line":25,"column":0},"end":{"line":25,"column":18}},"25":{"start":{"line":26,"column":0},"end":{"line":26,"column":14}},"26":{"start":{"line":27,"column":0},"end":{"line":27,"column":14}},"27":{"start":{"line":28,"column":0},"end":{"line":28,"column":6}},"28":{"start":{"line":29,"column":0},"end":{"line":29,"column":4}},"29":{"start":{"line":30,"column":0},"end":{"line":30,"column":23}},"30":{"start":{"line":31,"column":0},"end":{"line":31,"column":48}},"31":{"start":{"line":32,"column":0},"end":{"line":32,"column":25}},"32":{"start":{"line":33,"column":0},"end":{"line":33,"column":49}},"33":{"start":{"line":34,"column":0},"end":{"line":34,"column":18}},"34":{"start":{"line":35,"column":0},"end":{"line":35,"column":5}},"35":{"start":{"line":36,"column":0},"end":{"line":36,"column":4}},"36":{"start":{"line":37,"column":0},"end":{"line":37,"column":36}},"37":{"start":{"line":38,"column":0},"end":{"line":38,"column":25}},"38":{"start":{"line":39,"column":0},"end":{"line":39,"column":52}},"39":{"start":{"line":40,"column":0},"end":{"line":40,"column":18}},"40":{"start":{"line":41,"column":0},"end":{"line":41,"column":5}},"41":{"start":{"line":42,"column":0},"end":{"line":42,"column":4}},"42":{"start":{"line":43,"column":0},"end":{"line":43,"column":35}},"43":{"start":{"line":44,"column":0},"end":{"line":44,"column":25}},"44":{"start":{"line":45,"column":0},"end":{"line":45,"column":63}},"45":{"start":{"line":46,"column":0},"end":{"line":46,"column":18}},"46":{"start":{"line":47,"column":0},"end":{"line":47,"column":5}},"47":{"start":{"line":48,"column":0},"end":{"line":48,"column":4}},"48":{"start":{"line":49,"column":0},"end":{"line":49,"column":26}},"49":{"start":{"line":50,"column":0},"end":{"line":50,"column":21}},"50":{"start":{"line":51,"column":0},"end":{"line":51,"column":57}},"51":{"start":{"line":52,"column":0},"end":{"line":52,"column":25}},"52":{"start":{"line":53,"column":0},"end":{"line":53,"column":60}},"53":{"start":{"line":54,"column":0},"end":{"line":54,"column":18}},"54":{"start":{"line":55,"column":0},"end":{"line":55,"column":5}},"55":{"start":{"line":56,"column":0},"end":{"line":56,"column":4}},"56":{"start":{"line":57,"column":0},"end":{"line":57,"column":35}},"57":{"start":{"line":58,"column":0},"end":{"line":58,"column":25}},"58":{"start":{"line":59,"column":0},"end":{"line":59,"column":58}},"59":{"start":{"line":60,"column":0},"end":{"line":60,"column":18}},"60":{"start":{"line":61,"column":0},"end":{"line":61,"column":5}},"61":{"start":{"line":62,"column":0},"end":{"line":62,"column":5}},"62":{"start":{"line":63,"column":0},"end":{"line":63,"column":4}},"63":{"start":{"line":64,"column":0},"end":{"line":64,"column":56}},"64":{"start":{"line":65,"column":0},"end":{"line":65,"column":27}},"65":{"start":{"line":66,"column":0},"end":{"line":66,"column":4}},"66":{"start":{"line":67,"column":0},"end":{"line":67,"column":92}},"67":{"start":{"line":68,"column":0},"end":{"line":68,"column":29}},"68":{"start":{"line":69,"column":0},"end":{"line":69,"column":58}},"69":{"start":{"line":70,"column":0},"end":{"line":70,"column":57}},"70":{"start":{"line":71,"column":0},"end":{"line":71,"column":63}},"71":{"start":{"line":72,"column":0},"end":{"line":72,"column":55}},"72":{"start":{"line":73,"column":0},"end":{"line":73,"column":21}},"73":{"start":{"line":74,"column":0},"end":{"line":74,"column":37}},"74":{"start":{"line":75,"column":0},"end":{"line":75,"column":65}},"75":{"start":{"line":76,"column":0},"end":{"line":76,"column":57}},"76":{"start":{"line":77,"column":0},"end":{"line":77,"column":30}},"77":{"start":{"line":78,"column":0},"end":{"line":78,"column":5}},"78":{"start":{"line":79,"column":0},"end":{"line":79,"column":4}},"79":{"start":{"line":80,"column":0},"end":{"line":80,"column":22}},"80":{"start":{"line":81,"column":0},"end":{"line":81,"column":47}},"81":{"start":{"line":82,"column":0},"end":{"line":82,"column":4}},"82":{"start":{"line":83,"column":0},"end":{"line":83,"column":22}},"83":{"start":{"line":84,"column":0},"end":{"line":84,"column":27}},"84":{"start":{"line":85,"column":0},"end":{"line":85,"column":23}},"85":{"start":{"line":86,"column":0},"end":{"line":86,"column":34}},"86":{"start":{"line":87,"column":0},"end":{"line":87,"column":23}},"87":{"start":{"line":88,"column":0},"end":{"line":88,"column":34}},"88":{"start":{"line":89,"column":0},"end":{"line":89,"column":23}},"89":{"start":{"line":90,"column":0},"end":{"line":90,"column":34}},"90":{"start":{"line":91,"column":0},"end":{"line":91,"column":23}},"91":{"start":{"line":92,"column":0},"end":{"line":92,"column":12}},"92":{"start":{"line":93,"column":0},"end":{"line":93,"column":23}},"93":{"start":{"line":94,"column":0},"end":{"line":94,"column":5}},"94":{"start":{"line":95,"column":0},"end":{"line":95,"column":4}},"95":{"start":{"line":96,"column":0},"end":{"line":96,"column":18}},"96":{"start":{"line":97,"column":0},"end":{"line":97,"column":5}},"97":{"start":{"line":98,"column":0},"end":{"line":98,"column":4}},"98":{"start":{"line":99,"column":0},"end":{"line":99,"column":29}}},"s":{"0":1,"1":1,"2":1,"3":1,"4":1,"5":1,"6":1,"7":1,"8":1,"9":1,"10":1,"11":1,"12":1,"13":1,"14":12,"15":12,"16":12,"17":12,"18":12,"19":12,"20":12,"21":12,"22":12,"23":12,"24":12,"25":12,"26":12,"27":12,"28":12,"29":12,"30":12,"31":1,"32":1,"33":1,"34":1,"35":11,"36":12,"37":1,"38":1,"39":1,"40":1,"41":10,"42":12,"43":1,"44":1,"45":1,"46":1,"47":9,"48":9,"49":12,"50":1,"51":0,"52":0,"53":0,"54":0,"55":1,"56":1,"57":1,"58":1,"59":1,"60":1,"61":1,"62":8,"63":8,"64":8,"65":8,"66":8,"67":8,"68":8,"69":8,"70":8,"71":8,"72":8,"73":12,"74":1,"75":1,"76":1,"77":1,"78":8,"79":8,"80":8,"81":8,"82":8,"83":12,"84":1,"85":12,"86":2,"87":7,"88":2,"89":5,"90":1,"91":3,"92":2,"93":2,"94":8,"95":8,"96":12,"97":1,"98":1},"branchMap":{"0":{"type":"branch","line":15,"loc":{"start":{"line":15,"column":0},"end":{"line":97,"column":5}},"locations":[{"start":{"line":15,"column":0},"end":{"line":97,"column":5}}]},"1":{"type":"branch","line":17,"loc":{"start":{"line":17,"column":46},"end":{"line":17,"column":51}},"locations":[{"start":{"line":17,"column":46},"end":{"line":17,"column":51}}]},"2":{"type":"branch","line":18,"loc":{"start":{"line":18,"column":42},"end":{"line":18,"column":50}},"locations":[{"start":{"line":18,"column":42},"end":{"line":18,"column":50}}]},"3":{"type":"branch","line":19,"loc":{"start":{"line":19,"column":52},"end":{"line":19,"column":57}},"locations":[{"start":{"line":19,"column":52},"end":{"line":19,"column":57}}]},"4":{"type":"branch","line":31,"loc":{"start":{"line":31,"column":47},"end":{"line":35,"column":5}},"locations":[{"start":{"line":31,"column":47},"end":{"line":35,"column":5}}]},"5":{"type":"branch","line":35,"loc":{"start":{"line":35,"column":4},"end":{"line":37,"column":35}},"locations":[{"start":{"line":35,"column":4},"end":{"line":37,"column":35}}]},"6":{"type":"branch","line":37,"loc":{"start":{"line":37,"column":35},"end":{"line":41,"column":5}},"locations":[{"start":{"line":37,"column":35},"end":{"line":41,"column":5}}]},"7":{"type":"branch","line":41,"loc":{"start":{"line":41,"column":4},"end":{"line":43,"column":32}},"locations":[{"start":{"line":41,"column":4},"end":{"line":43,"column":32}}]},"8":{"type":"branch","line":43,"loc":{"start":{"line":43,"column":34},"end":{"line":47,"column":5}},"locations":[{"start":{"line":43,"column":34},"end":{"line":47,"column":5}}]},"9":{"type":"branch","line":47,"loc":{"start":{"line":47,"column":4},"end":{"line":50,"column":20}},"locations":[{"start":{"line":47,"column":4},"end":{"line":50,"column":20}}]},"10":{"type":"branch","line":50,"loc":{"start":{"line":50,"column":20},"end":{"line":62,"column":5}},"locations":[{"start":{"line":50,"column":20},"end":{"line":62,"column":5}}]},"11":{"type":"branch","line":51,"loc":{"start":{"line":51,"column":56},"end":{"line":55,"column":5}},"locations":[{"start":{"line":51,"column":56},"end":{"line":55,"column":5}}]},"12":{"type":"branch","line":62,"loc":{"start":{"line":62,"column":4},"end":{"line":74,"column":36}},"locations":[{"start":{"line":62,"column":4},"end":{"line":74,"column":36}}]},"13":{"type":"branch","line":74,"loc":{"start":{"line":74,"column":36},"end":{"line":78,"column":5}},"locations":[{"start":{"line":74,"column":36},"end":{"line":78,"column":5}}]},"14":{"type":"branch","line":78,"loc":{"start":{"line":78,"column":4},"end":{"line":84,"column":26}},"locations":[{"start":{"line":78,"column":4},"end":{"line":84,"column":26}}]},"15":{"type":"branch","line":84,"loc":{"start":{"line":84,"column":26},"end":{"line":86,"column":5}},"locations":[{"start":{"line":84,"column":26},"end":{"line":86,"column":5}}]},"16":{"type":"branch","line":86,"loc":{"start":{"line":86,"column":5},"end":{"line":94,"column":5}},"locations":[{"start":{"line":86,"column":5},"end":{"line":94,"column":5}}]},"17":{"type":"branch","line":86,"loc":{"start":{"line":86,"column":33},"end":{"line":88,"column":5}},"locations":[{"start":{"line":86,"column":33},"end":{"line":88,"column":5}}]},"18":{"type":"branch","line":88,"loc":{"start":{"line":88,"column":5},"end":{"line":94,"column":5}},"locations":[{"start":{"line":88,"column":5},"end":{"line":94,"column":5}}]},"19":{"type":"branch","line":88,"loc":{"start":{"line":88,"column":33},"end":{"line":90,"column":5}},"locations":[{"start":{"line":88,"column":33},"end":{"line":90,"column":5}}]},"20":{"type":"branch","line":90,"loc":{"start":{"line":90,"column":5},"end":{"line":94,"column":5}},"locations":[{"start":{"line":90,"column":5},"end":{"line":94,"column":5}}]},"21":{"type":"branch","line":90,"loc":{"start":{"line":90,"column":33},"end":{"line":92,"column":5}},"locations":[{"start":{"line":90,"column":33},"end":{"line":92,"column":5}}]},"22":{"type":"branch","line":92,"loc":{"start":{"line":92,"column":5},"end":{"line":94,"column":5}},"locations":[{"start":{"line":92,"column":5},"end":{"line":94,"column":5}}]},"23":{"type":"branch","line":94,"loc":{"start":{"line":94,"column":4},"end":{"line":97,"column":4}},"locations":[{"start":{"line":94,"column":4},"end":{"line":97,"column":4}}]}},"b":{"0":[12],"1":[11],"2":[11],"3":[11],"4":[1],"5":[11],"6":[1],"7":[10],"8":[1],"9":[9],"10":[1],"11":[0],"12":[8],"13":[1],"14":[8],"15":[1],"16":[7],"17":[2],"18":[5],"19":[2],"20":[3],"21":[1],"22":[2],"23":[8]},"fnMap":{"0":{"name":"validateScore","decl":{"start":{"line":15,"column":0},"end":{"line":97,"column":5}},"loc":{"start":{"line":15,"column":0},"end":{"line":97,"column":5}},"line":15}},"f":{"0":12}}
}
